<?xml version="1.0" encoding="UTF-8"?>
<testsuite name="org.example.untitled.MainPageTest" tests="1" skipped="0" failures="0" errors="0" timestamp="2021-10-08T10:33:12" hostname="sahan-GF63-8RC" time="5.613">
  <properties/>
  <testcase name="openPage()" classname="org.example.untitled.MainPageTest" time="5.613"/>
  <system-out><![CDATA[]]></system-out>
  <system-err><![CDATA[[Test worker] INFO com.codeborne.selenide.impl.WebDriverThreadLocalContainer - No webdriver is bound to current thread: 13 - let's create a new webdriver
Oct 08, 2021 4:03:15 PM org.openqa.selenium.remote.ProtocolHandshake createSession
INFO: Detected dialect: W3C
[Test worker] INFO com.codeborne.selenide.webdriver.BrowserResizer - Set browser size to 1366x768
[Test worker] INFO com.codeborne.selenide.webdriver.WebDriverFactory - BrowserName=firefox Version=88.0 Platform=LINUX
[Test worker] INFO com.codeborne.selenide.webdriver.WebDriverFactory - Selenide v. 5.10.0
[Test worker] INFO com.codeborne.selenide.drivercommands.CreateDriverCommand - Create webdriver in current thread 13: RemoteWebDriver -> RemoteWebDriver: firefox on LINUX (b0efe463-b5a0-4039-9f84-0b490ed8e3a1)
]]></system-err>
</testsuite>
