<?xml version="1.0" encoding="UTF-8"?>
<!-- Generated by org.testng.reporters.JUnitReportReporter -->
<testsuite hostname="sahan-GF63-8RC" failures="0" tests="1" name="com.testingautomation.testingautomation.MainPageTest" time="10.096" errors="0" timestamp="2021-10-13T07:12:12 IST" skipped="0">
  <testcase classname="com.testingautomation.testingautomation.MainPageTest" name="openPage" time="10.096"/>
  <system-out/>
</testsuite> <!-- com.testingautomation.testingautomation.MainPageTest -->
